
🎬 视频提示词工具 v6 已启动
📍 访问地址：http://localhost:3001
📁 提示词目录：/Users/jian/Workspace/Liang/manyidian- ADBC/prompts
   Agent A v6：规划→验证→执行→验证（与Agent C同级）
   Agent A 导演讲戏模式：直接映射（无规划步骤）
   Agent C：批注剧本 → 规划 → 逐片段写作（多步）

📄 原始剧本上传：636字，1个场景

🎬 导演讲戏映射切分：4995字 → 1个场景
✓ 映射完成：18段，18已映射，?待确认，?全局

🎬 Agent A 导演讲戏批注：1个场景（映射已确认）
   有讲戏覆盖的场景：18-1
   全局指令：0条
✓ 场景18-1 批注通过
✓ Agent A 导演讲戏模式全部完成：1个场景
✂️ 剥离摘要/重复段落：从"【批注摘要】"处截断（丢弃210字）
   场景分类：大运动动词0个·真实台词12条·短吼0条
   → 判为 wenxi（纯文戏）
✓ 文本解析：1个场景
✨ 规划阶段 core 精简加载：14496 → 10496 字符（减少 28%）
   导演讲戏模式：3条镜头+14条内心·最少9个片段（3-10镜/片段）
📌 程序强制注入 2 条遗漏台词...
   → 台词1 注入到 18-1C：士兵：苏总，高峰死了，咱们…还去红星体育场吗？
   → 台词8 注入到 18-1E：苏清寒：那是他的喜好比较特殊？男人喜欢的，无非就是钱和女人。只要他开口，什么样的
   ⚠️ 规划警告（4条，不阻止通过）：
     · 18-1A 镜6：台词需≥2.7秒，规划给了2秒
     · 18-1B 镜5：台词需≥3秒，规划给了2秒
     · 18-1D 镜6：台词需≥2.9秒，规划给了2秒
     · 18-1F 镜7：台词需≥3秒，规划给了1.5秒
⚠️ 18-1 规划有结构问题，修正中：
18-1C：总时长20秒，要求15秒
18-1E：总时长20秒，要求15秒
📌 程序强制注入 2 条遗漏台词...
   → 台词8 注入到 18-1E：苏清寒：那是他的喜好比较特殊？男人喜欢的，无非就是钱和女人。只要他开口，什么样的
   → 台词11 注入到 18-1H：研究人员1（咬牙）：我们用无人机，没有监测到张玄的任何生命体征！换句话说，张玄是
   ⚠️ 规划警告（1条，不阻止通过）：
     · 18-1D 镜4：台词需≥2.9秒，规划给了2秒
⚠️ 18-1 两次规划均有结构问题，取较优规划继续：
18-1E：总时长20秒，要求15秒
18-1H：总时长20秒，要求15秒
   → 使用 plan2（9个片段）
✓ 18-1 A部分来源：AI生成（200字）
✓ 18-1I 台词核验通过
⚠️ 18-1I 字数 1858，超出 58 字·自动压缩重写中...
⚠️ 发现 1 条台词遗漏，自动补写中...
⚠️ 发现 2 条台词遗漏，自动补写中...
✓ 18-1A 台词核验通过
⚠️ 18-1A 字数 2483，超出 683 字·自动压缩重写中...
✓ 18-1G 台词核验通过
⚠️ 18-1G 字数 2848，超出 1048 字·自动压缩重写中...
⚠️ 发现 1 条台词遗漏，自动补写中...
✓ 18-1C 台词核验通过
⚠️ 18-1C 字数 2954，超出 1154 字·自动压缩重写中...
✓ 18-1F 台词核验通过
⚠️ 18-1F 字数 3246，超出 1446 字·自动压缩重写中...
✓ 18-1B 台词核验通过
⚠️ 18-1B 字数 2924，超出 1124 字·自动压缩重写中...
✓ 18-1G 压缩后字数 1518
✓ 18-1G 时长 15s，合格
✓ 18-1I 压缩后字数 1786
✓ 18-1I 时长 15s，合格
✓ 18-1H 台词补写完成
⚠️ 18-1H 字数 1946，超出 146 字·自动压缩重写中...
⚠️ 18-1A 压缩失败·保留原输出（2483 字）
⚠️ 18-1A 实际总时长 30s 超过15秒铁律上限
✓ 18-1E 台词补写完成
⚠️ 18-1E 字数 2221，超出 421 字·自动压缩重写中...
✓ 18-1D 台词补写完成
⚠️ 18-1D 字数 2822，超出 1022 字·自动压缩重写中...
⚠️ 18-1F 压缩失败·保留原输出（3246 字）
✓ 18-1F 时长 15s，合格
⚠️ 18-1C 压缩失败·保留原输出（2954 字）
✓ 18-1C 时长 15s，合格
⚠️ 18-1B 压缩失败·保留原输出（2924 字）
✓ 18-1B 时长 15s，合格
✓ 18-1H 压缩后字数 1903
⚠️ 18-1H 实际总时长 30.9s 超过15秒铁律上限
⚠️ 18-1E 压缩失败·保留原输出（2221 字）
⚠️ 18-1E 实际总时长 33.5s 超过15秒铁律上限
⚠️ 18-1D 压缩失败·保留原输出（2822 字）
⚠️ 18-1D 实际总时长 30s 超过15秒铁律上限
✓ 18-1 全场景台词总检通过，11 条台词全部落实
